\BOOKMARK [0][-]{section*.1}{Sadr\236aj}{}% 1
\BOOKMARK [0][-]{chapter*.2}{Uvod}{}% 2
\BOOKMARK [0][-]{chapter.1}{Rijetka rje\235enja}{}% 3
\BOOKMARK [1][-]{section.1.1}{Rijetsko i sa\236etost vektora}{chapter.1}% 4
\BOOKMARK [1][-]{section.1.2}{Minimalni broj mjerenja}{chapter.1}% 5
\BOOKMARK [1][-]{section.1.3}{NP-slo\236enost 0-minimizacije}{chapter.1}% 6
\BOOKMARK [0][-]{chapter.2}{Osnovni algoritmi sa\236etog uzorkovanja}{}% 7
\BOOKMARK [1][-]{section.2.1}{Optimizacijske metode}{chapter.2}% 8
\BOOKMARK [1][-]{section.2.2}{Greedy metode}{chapter.2}% 9
\BOOKMARK [1][-]{section.2.3}{Granicne metode}{chapter.2}% 10
\BOOKMARK [0][-]{chapter.3}{1-minimizacija}{}% 11
\BOOKMARK [1][-]{section.3.1}{Svojstvo nul-prostora}{chapter.3}% 12
\BOOKMARK [1][-]{section.3.2}{Stabilnost}{chapter.3}% 13
\BOOKMARK [1][-]{section.3.3}{Robusnost}{chapter.3}% 14
\BOOKMARK [1][-]{section.3.4}{Rekonstrukcija predodreenog vektora}{chapter.3}% 15
\BOOKMARK [0][-]{chapter.4}{Koherencija}{}% 16
\BOOKMARK [1][-]{section.4.1}{Definicija i svojstva}{chapter.4}% 17
\BOOKMARK [1][-]{section.4.2}{Matrice male koherencije}{chapter.4}% 18
\BOOKMARK [1][-]{section.4.3}{Analiza OMP algoritma}{chapter.4}% 19
\BOOKMARK [1][-]{section.4.4}{Analiza 1-minimizacije}{chapter.4}% 20
\BOOKMARK [1][-]{section.4.5}{Analiza granicnih metoda}{chapter.4}% 21
\BOOKMARK [0][-]{chapter.5}{Svojstvo ogranicene izometrije}{}% 22
\BOOKMARK [1][-]{section.5.1}{Definicija i osnovna svojstva}{chapter.5}% 23
\BOOKMARK [1][-]{section.5.2}{Analiza 1-minimizacije}{chapter.5}% 24
\BOOKMARK [1][-]{section.5.3}{Analiza granicnih metoda}{chapter.5}% 25
\BOOKMARK [0][-]{chapter*.39}{Bibliografija}{}% 26
